<?xml version="1.0" encoding="UTF-8"?>
<!-- Generated by org.testng.reporters.JUnitXMLReporter -->
<testsuite ignored="0" hostname="DESKTOP-3BP8S7P" failures="2" tests="2" name="edgeTest" time="1.457" errors="0" timestamp="2023-03-20T08:56:12 CDT">
  <testcase classname="io.cucumber.testng.AbstractTestNGCucumberTests" name="runScenario" time="0.678">
    <failure type="java.lang.IllegalStateException" message="The path to the driver executable The path to the driver executable must be set by the webdriver.edge.driver system property; for more information, see https://docs.microsoft.com/en-us/microsoft-edge/webdriver-chromium/. The latest version can be downloaded from https://developer.microsoft.com/en-us/microsoft-edge/tools/webdriver/">
      <![CDATA[java.lang.IllegalStateException: The path to the driver executable The path to the driver executable must be set by the webdriver.edge.driver system property; for more information, see https://docs.microsoft.com/en-us/microsoft-edge/webdriver-chromium/. The latest version can be downloaded from https://developer.microsoft.com/en-us/microsoft-edge/tools/webdriver/
at org.openqa.selenium.internal.Require$StateChecker.nonNull(Require.java:314)
at org.openqa.selenium.remote.service.DriverService.findExecutable(DriverService.java:149)
at org.openqa.selenium.edge.EdgeDriverService.access$000(EdgeDriverService.java:42)
at org.openqa.selenium.edge.EdgeDriverService$Builder.findDefaultExecutable(EdgeDriverService.java:257)
at org.openqa.selenium.remote.service.DriverService$Builder.build(DriverService.java:456)
at org.openqa.selenium.edge.EdgeDriver.<init>(EdgeDriver.java:46)
at org.openqa.selenium.edge.EdgeDriver.<init>(EdgeDriver.java:42)
at parallelHooks.MyHooks.setup(MyHooks.java:59)
]]>
    </failure>
  </testcase> <!-- runScenario -->
  <testcase classname="io.cucumber.testng.AbstractTestNGCucumberTests" name="runScenario" time="0.679">
    <failure type="java.lang.IllegalStateException" message="The path to the driver executable The path to the driver executable must be set by the webdriver.edge.driver system property; for more information, see https://docs.microsoft.com/en-us/microsoft-edge/webdriver-chromium/. The latest version can be downloaded from https://developer.microsoft.com/en-us/microsoft-edge/tools/webdriver/">
      <![CDATA[java.lang.IllegalStateException: The path to the driver executable The path to the driver executable must be set by the webdriver.edge.driver system property; for more information, see https://docs.microsoft.com/en-us/microsoft-edge/webdriver-chromium/. The latest version can be downloaded from https://developer.microsoft.com/en-us/microsoft-edge/tools/webdriver/
at org.openqa.selenium.internal.Require$StateChecker.nonNull(Require.java:314)
at org.openqa.selenium.remote.service.DriverService.findExecutable(DriverService.java:149)
at org.openqa.selenium.edge.EdgeDriverService.access$000(EdgeDriverService.java:42)
at org.openqa.selenium.edge.EdgeDriverService$Builder.findDefaultExecutable(EdgeDriverService.java:257)
at org.openqa.selenium.remote.service.DriverService$Builder.build(DriverService.java:456)
at org.openqa.selenium.edge.EdgeDriver.<init>(EdgeDriver.java:46)
at org.openqa.selenium.edge.EdgeDriver.<init>(EdgeDriver.java:42)
at parallelHooks.MyHooks.setup(MyHooks.java:59)
]]>
    </failure>
  </testcase> <!-- runScenario -->
</testsuite> <!-- edgeTest -->
