<?xml version="1.0" encoding="UTF-8"?>
<!-- Generated by org.testng.reporters.JUnitXMLReporter -->
<testsuite ignored="0" hostname="DESKTOP-3BP8S7P" failures="2" tests="2" name="firefoxTest" time="0.234" errors="0" timestamp="2023-03-20T08:56:12 CDT">
  <testcase classname="io.cucumber.testng.AbstractTestNGCucumberTests" name="runScenario" time="0.169">
    <failure type="java.lang.IllegalStateException" message="The path to the driver executable The path to the driver executable must be set by the webdriver.gecko.driver system property; for more information, see https://github.com/mozilla/geckodriver. The latest version can be downloaded from https://github.com/mozilla/geckodriver/releases">
      <![CDATA[java.lang.IllegalStateException: The path to the driver executable The path to the driver executable must be set by the webdriver.gecko.driver system property; for more information, see https://github.com/mozilla/geckodriver. The latest version can be downloaded from https://github.com/mozilla/geckodriver/releases
at org.openqa.selenium.internal.Require$StateChecker.nonNull(Require.java:314)
at org.openqa.selenium.remote.service.DriverService.findExecutable(DriverService.java:149)
at org.openqa.selenium.firefox.GeckoDriverService.access$100(GeckoDriverService.java:47)
at org.openqa.selenium.firefox.GeckoDriverService$Builder.findDefaultExecutable(GeckoDriverService.java:164)
at org.openqa.selenium.remote.service.DriverService$Builder.build(DriverService.java:456)
at org.openqa.selenium.firefox.GeckoDriverService.createDefaultService(GeckoDriverService.java:100)
at org.openqa.selenium.firefox.FirefoxDriver.<init>(FirefoxDriver.java:111)
at org.openqa.selenium.firefox.FirefoxDriver.<init>(FirefoxDriver.java:101)
at parallelHooks.MyHooks.setup(MyHooks.java:69)
]]>
    </failure>
  </testcase> <!-- runScenario -->
  <testcase classname="io.cucumber.testng.AbstractTestNGCucumberTests" name="runScenario" time="0.173">
    <failure type="java.lang.IllegalStateException" message="The path to the driver executable The path to the driver executable must be set by the webdriver.gecko.driver system property; for more information, see https://github.com/mozilla/geckodriver. The latest version can be downloaded from https://github.com/mozilla/geckodriver/releases">
      <![CDATA[java.lang.IllegalStateException: The path to the driver executable The path to the driver executable must be set by the webdriver.gecko.driver system property; for more information, see https://github.com/mozilla/geckodriver. The latest version can be downloaded from https://github.com/mozilla/geckodriver/releases
at org.openqa.selenium.internal.Require$StateChecker.nonNull(Require.java:314)
at org.openqa.selenium.remote.service.DriverService.findExecutable(DriverService.java:149)
at org.openqa.selenium.firefox.GeckoDriverService.access$100(GeckoDriverService.java:47)
at org.openqa.selenium.firefox.GeckoDriverService$Builder.findDefaultExecutable(GeckoDriverService.java:164)
at org.openqa.selenium.remote.service.DriverService$Builder.build(DriverService.java:456)
at org.openqa.selenium.firefox.GeckoDriverService.createDefaultService(GeckoDriverService.java:100)
at org.openqa.selenium.firefox.FirefoxDriver.<init>(FirefoxDriver.java:111)
at org.openqa.selenium.firefox.FirefoxDriver.<init>(FirefoxDriver.java:101)
at parallelHooks.MyHooks.setup(MyHooks.java:69)
]]>
    </failure>
  </testcase> <!-- runScenario -->
</testsuite> <!-- firefoxTest -->
