<?xml version="1.0" encoding="UTF-8"?>
<testng-results ignored="0" total="4" passed="4" failed="0" skipped="0">
  <reporter-output>
  </reporter-output>
  <suite started-at="2023-03-15T10:39:39 CDT" name="Suite" finished-at="2023-03-15T10:40:00 CDT" duration-ms="21009">
    <groups>
      <group name="cucumber">
        <method signature="AbstractTestNGCucumberTests.runScenario(io.cucumber.testng.PickleWrapper,io.cucumber.testng.FeatureWrapper)[pri:0, instance:runner.ParallelRunner@6ed3ccb2]" name="runScenario" class="io.cucumber.testng.AbstractTestNGCucumberTests"/>
        <method signature="AbstractTestNGCucumberTests.runScenario(io.cucumber.testng.PickleWrapper,io.cucumber.testng.FeatureWrapper)[pri:0, instance:runner.ParallelRunner@587e5365]" name="runScenario" class="io.cucumber.testng.AbstractTestNGCucumberTests"/>
      </group> <!-- cucumber -->
    </groups>
    <test started-at="2023-03-15T10:39:39 CDT" name="edgeTest" finished-at="2023-03-15T10:40:00 CDT" duration-ms="21008">
      <class name="runner.ParallelRunner">
        <test-method is-config="true" signature="defineBrowser(java.lang.String)[pri:0, instance:runner.ParallelRunner@6ed3ccb2]" started-at="2023-03-15T10:39:39 CDT" name="defineBrowser" finished-at="2023-03-15T10:39:39 CDT" duration-ms="10" status="PASS">
          <params>
            <param index="0">
              <value>
                <![CDATA[edge]]>
              </value>
            </param>
          </params>
          <reporter-output>
          </reporter-output>
        </test-method> <!-- defineBrowser -->
        <test-method is-config="true" signature="setUpClass(org.testng.ITestContext)[pri:0, instance:runner.ParallelRunner@6ed3ccb2]" started-at="2023-03-15T10:39:39 CDT" name="setUpClass" finished-at="2023-03-15T10:39:40 CDT" duration-ms="572" status="PASS">
          <params>
            <param index="0">
              <value>
                <![CDATA[org.testng.TestRunner@6a6afff2]]>
              </value>
            </param>
          </params>
          <reporter-output>
          </reporter-output>
        </test-method> <!-- setUpClass -->
        <test-method signature="runScenario(io.cucumber.testng.PickleWrapper,io.cucumber.testng.FeatureWrapper)[pri:0, instance:runner.ParallelRunner@6ed3ccb2]" started-at="2023-03-15T10:39:40 CDT" name="runScenario" description="Runs Cucumber Scenarios" data-provider="scenarios" finished-at="2023-03-15T10:39:58 CDT" duration-ms="17852" status="PASS">
          <params>
            <param index="0">
              <value>
                <![CDATA["Successful login with valid credentials"]]>
              </value>
            </param>
            <param index="1">
              <value>
                <![CDATA["login functionality"]]>
              </value>
            </param>
          </params>
          <reporter-output>
          </reporter-output>
        </test-method> <!-- runScenario -->
        <test-method signature="runScenario(io.cucumber.testng.PickleWrapper,io.cucumber.testng.FeatureWrapper)[pri:0, instance:runner.ParallelRunner@6ed3ccb2]" started-at="2023-03-15T10:39:40 CDT" name="runScenario" description="Runs Cucumber Scenarios" data-provider="scenarios" finished-at="2023-03-15T10:40:00 CDT" duration-ms="20043" status="PASS">
          <params>
            <param index="0">
              <value>
                <![CDATA["searching a product"]]>
              </value>
            </param>
            <param index="1">
              <value>
                <![CDATA["Search product functionality"]]>
              </value>
            </param>
          </params>
          <reporter-output>
          </reporter-output>
        </test-method> <!-- runScenario -->
        <test-method is-config="true" signature="tearDownClass()[pri:0, instance:runner.ParallelRunner@6ed3ccb2]" started-at="2023-03-15T10:40:00 CDT" name="tearDownClass" finished-at="2023-03-15T10:40:00 CDT" duration-ms="349" status="PASS">
          <reporter-output>
          </reporter-output>
        </test-method> <!-- tearDownClass -->
      </class> <!-- runner.ParallelRunner -->
    </test> <!-- edgeTest -->
    <test started-at="2023-03-15T10:39:39 CDT" name="firefoxTest" finished-at="2023-03-15T10:40:00 CDT" duration-ms="21009">
      <class name="runner.ParallelRunner">
        <test-method is-config="true" signature="defineBrowser(java.lang.String)[pri:0, instance:runner.ParallelRunner@587e5365]" started-at="2023-03-15T10:39:39 CDT" name="defineBrowser" finished-at="2023-03-15T10:39:39 CDT" duration-ms="10" status="PASS">
          <params>
            <param index="0">
              <value>
                <![CDATA[firefox]]>
              </value>
            </param>
          </params>
          <reporter-output>
          </reporter-output>
        </test-method> <!-- defineBrowser -->
        <test-method is-config="true" signature="setUpClass(org.testng.ITestContext)[pri:0, instance:runner.ParallelRunner@587e5365]" started-at="2023-03-15T10:39:39 CDT" name="setUpClass" finished-at="2023-03-15T10:39:40 CDT" duration-ms="572" status="PASS">
          <params>
            <param index="0">
              <value>
                <![CDATA[org.testng.TestRunner@1649b0e6]]>
              </value>
            </param>
          </params>
          <reporter-output>
          </reporter-output>
        </test-method> <!-- setUpClass -->
        <test-method signature="runScenario(io.cucumber.testng.PickleWrapper,io.cucumber.testng.FeatureWrapper)[pri:0, instance:runner.ParallelRunner@587e5365]" started-at="2023-03-15T10:39:40 CDT" name="runScenario" description="Runs Cucumber Scenarios" data-provider="scenarios" finished-at="2023-03-15T10:39:57 CDT" duration-ms="17658" status="PASS">
          <params>
            <param index="0">
              <value>
                <![CDATA["Successful login with valid credentials"]]>
              </value>
            </param>
            <param index="1">
              <value>
                <![CDATA["login functionality"]]>
              </value>
            </param>
          </params>
          <reporter-output>
          </reporter-output>
        </test-method> <!-- runScenario -->
        <test-method signature="runScenario(io.cucumber.testng.PickleWrapper,io.cucumber.testng.FeatureWrapper)[pri:0, instance:runner.ParallelRunner@587e5365]" started-at="2023-03-15T10:39:40 CDT" name="runScenario" description="Runs Cucumber Scenarios" data-provider="scenarios" finished-at="2023-03-15T10:40:00 CDT" duration-ms="20153" status="PASS">
          <params>
            <param index="0">
              <value>
                <![CDATA["searching a product"]]>
              </value>
            </param>
            <param index="1">
              <value>
                <![CDATA["Search product functionality"]]>
              </value>
            </param>
          </params>
          <reporter-output>
          </reporter-output>
        </test-method> <!-- runScenario -->
        <test-method is-config="true" signature="tearDownClass()[pri:0, instance:runner.ParallelRunner@587e5365]" started-at="2023-03-15T10:40:00 CDT" name="tearDownClass" finished-at="2023-03-15T10:40:00 CDT" duration-ms="241" status="PASS">
          <reporter-output>
          </reporter-output>
        </test-method> <!-- tearDownClass -->
      </class> <!-- runner.ParallelRunner -->
    </test> <!-- firefoxTest -->
  </suite> <!-- Suite -->
</testng-results>
