<?xml version="1.0" encoding="UTF-8"?>
<testng-results ignored="0" total="4" passed="4" failed="0" skipped="0">
  <reporter-output>
  </reporter-output>
  <suite started-at="2023-03-17T10:38:07 CDT" name="Suite" finished-at="2023-03-17T10:38:34 CDT" duration-ms="26656">
    <groups>
      <group name="cucumber">
        <method signature="AbstractTestNGCucumberTests.runScenario(io.cucumber.testng.PickleWrapper,io.cucumber.testng.FeatureWrapper)[pri:0, instance:runner.ParallelRunner@6ed3ccb2]" name="runScenario" class="io.cucumber.testng.AbstractTestNGCucumberTests"/>
        <method signature="AbstractTestNGCucumberTests.runScenario(io.cucumber.testng.PickleWrapper,io.cucumber.testng.FeatureWrapper)[pri:0, instance:runner.ParallelRunner@587e5365]" name="runScenario" class="io.cucumber.testng.AbstractTestNGCucumberTests"/>
      </group> <!-- cucumber -->
    </groups>
    <test started-at="2023-03-17T10:38:07 CDT" name="edgeTest" finished-at="2023-03-17T10:38:19 CDT" duration-ms="11986">
      <class name="runner.ParallelRunner">
        <test-method is-config="true" signature="defineBrowser(java.lang.String)[pri:0, instance:runner.ParallelRunner@6ed3ccb2]" started-at="2023-03-17T10:38:07 CDT" name="defineBrowser" finished-at="2023-03-17T10:38:07 CDT" duration-ms="10" status="PASS">
          <params>
            <param index="0">
              <value>
                <![CDATA[edge]]>
              </value>
            </param>
          </params>
          <reporter-output>
          </reporter-output>
        </test-method> <!-- defineBrowser -->
        <test-method is-config="true" signature="setUpClass(org.testng.ITestContext)[pri:0, instance:runner.ParallelRunner@6ed3ccb2]" started-at="2023-03-17T10:38:07 CDT" name="setUpClass" finished-at="2023-03-17T10:38:08 CDT" duration-ms="509" status="PASS">
          <params>
            <param index="0">
              <value>
                <![CDATA[org.testng.TestRunner@1eb9d69a]]>
              </value>
            </param>
          </params>
          <reporter-output>
          </reporter-output>
        </test-method> <!-- setUpClass -->
        <test-method signature="runScenario(io.cucumber.testng.PickleWrapper,io.cucumber.testng.FeatureWrapper)[pri:0, instance:runner.ParallelRunner@6ed3ccb2]" started-at="2023-03-17T10:38:08 CDT" name="runScenario" description="Runs Cucumber Scenarios" data-provider="scenarios" finished-at="2023-03-17T10:38:12 CDT" duration-ms="4271" status="PASS">
          <params>
            <param index="0">
              <value>
                <![CDATA["Successful login with valid credentials"]]>
              </value>
            </param>
            <param index="1">
              <value>
                <![CDATA["login functionality"]]>
              </value>
            </param>
          </params>
          <reporter-output>
          </reporter-output>
        </test-method> <!-- runScenario -->
        <test-method signature="runScenario(io.cucumber.testng.PickleWrapper,io.cucumber.testng.FeatureWrapper)[pri:0, instance:runner.ParallelRunner@6ed3ccb2]" started-at="2023-03-17T10:38:12 CDT" name="runScenario" description="Runs Cucumber Scenarios" data-provider="scenarios" finished-at="2023-03-17T10:38:19 CDT" duration-ms="6889" status="PASS">
          <params>
            <param index="0">
              <value>
                <![CDATA["searching a product"]]>
              </value>
            </param>
            <param index="1">
              <value>
                <![CDATA["Search product functionality"]]>
              </value>
            </param>
          </params>
          <reporter-output>
          </reporter-output>
        </test-method> <!-- runScenario -->
        <test-method is-config="true" signature="tearDownClass()[pri:0, instance:runner.ParallelRunner@6ed3ccb2]" started-at="2023-03-17T10:38:19 CDT" name="tearDownClass" finished-at="2023-03-17T10:38:19 CDT" duration-ms="279" status="PASS">
          <reporter-output>
          </reporter-output>
        </test-method> <!-- tearDownClass -->
      </class> <!-- runner.ParallelRunner -->
    </test> <!-- edgeTest -->
    <test started-at="2023-03-17T10:38:19 CDT" name="firefoxTest" finished-at="2023-03-17T10:38:34 CDT" duration-ms="14656">
      <class name="runner.ParallelRunner">
        <test-method is-config="true" signature="defineBrowser(java.lang.String)[pri:0, instance:runner.ParallelRunner@587e5365]" started-at="2023-03-17T10:38:19 CDT" name="defineBrowser" finished-at="2023-03-17T10:38:19 CDT" duration-ms="0" status="PASS">
          <params>
            <param index="0">
              <value>
                <![CDATA[firefox]]>
              </value>
            </param>
          </params>
          <reporter-output>
          </reporter-output>
        </test-method> <!-- defineBrowser -->
        <test-method is-config="true" signature="setUpClass(org.testng.ITestContext)[pri:0, instance:runner.ParallelRunner@587e5365]" started-at="2023-03-17T10:38:19 CDT" name="setUpClass" finished-at="2023-03-17T10:38:19 CDT" duration-ms="13" status="PASS">
          <params>
            <param index="0">
              <value>
                <![CDATA[org.testng.TestRunner@36511772]]>
              </value>
            </param>
          </params>
          <reporter-output>
          </reporter-output>
        </test-method> <!-- setUpClass -->
        <test-method signature="runScenario(io.cucumber.testng.PickleWrapper,io.cucumber.testng.FeatureWrapper)[pri:0, instance:runner.ParallelRunner@587e5365]" started-at="2023-03-17T10:38:19 CDT" name="runScenario" description="Runs Cucumber Scenarios" data-provider="scenarios" finished-at="2023-03-17T10:38:24 CDT" duration-ms="4974" status="PASS">
          <params>
            <param index="0">
              <value>
                <![CDATA["Successful login with valid credentials"]]>
              </value>
            </param>
            <param index="1">
              <value>
                <![CDATA["login functionality"]]>
              </value>
            </param>
          </params>
          <reporter-output>
          </reporter-output>
        </test-method> <!-- runScenario -->
        <test-method signature="runScenario(io.cucumber.testng.PickleWrapper,io.cucumber.testng.FeatureWrapper)[pri:0, instance:runner.ParallelRunner@587e5365]" started-at="2023-03-17T10:38:24 CDT" name="runScenario" description="Runs Cucumber Scenarios" data-provider="scenarios" finished-at="2023-03-17T10:38:34 CDT" duration-ms="9613" status="PASS">
          <params>
            <param index="0">
              <value>
                <![CDATA["searching a product"]]>
              </value>
            </param>
            <param index="1">
              <value>
                <![CDATA["Search product functionality"]]>
              </value>
            </param>
          </params>
          <reporter-output>
          </reporter-output>
        </test-method> <!-- runScenario -->
        <test-method is-config="true" signature="tearDownClass()[pri:0, instance:runner.ParallelRunner@587e5365]" started-at="2023-03-17T10:38:34 CDT" name="tearDownClass" finished-at="2023-03-17T10:38:34 CDT" duration-ms="48" status="PASS">
          <reporter-output>
          </reporter-output>
        </test-method> <!-- tearDownClass -->
      </class> <!-- runner.ParallelRunner -->
    </test> <!-- firefoxTest -->
  </suite> <!-- Suite -->
</testng-results>
